\BOOKMARK [1][-]{section.1}{Introduction}{}% 1
\BOOKMARK [1][-]{section.2}{Optical Flow}{}% 2
\BOOKMARK [2][-]{subsection.2.1}{Calculating Optical Flow}{section.2}% 3
\BOOKMARK [2][-]{subsection.2.2}{Lucas Kanade Method}{section.2}% 4
\BOOKMARK [1][-]{section.3}{Sparse Lucas Kanade Optical Flow for Eye Movement Detection}{}% 5
\BOOKMARK [2][-]{subsection.3.1}{Keypoint Detection}{section.3}% 6
\BOOKMARK [3][-]{subsubsection.3.1.1}{Shi-Tomasi}{subsection.3.1}% 7
\BOOKMARK [3][-]{subsubsection.3.1.2}{Difference of Gaussian}{subsection.3.1}% 8
\BOOKMARK [3][-]{subsubsection.3.1.3}{Fast Hessian}{subsection.3.1}% 9
\BOOKMARK [2][-]{subsection.3.2}{Setup for Evaluation}{section.3}% 10
\BOOKMARK [3][-]{subsubsection.3.2.1}{Dataset}{subsection.3.2}% 11
\BOOKMARK [3][-]{subsubsection.3.2.2}{Measures}{subsection.3.2}% 12
\BOOKMARK [3][-]{subsubsection.3.2.3}{Blink Detection}{subsection.3.2}% 13
\BOOKMARK [2][-]{subsection.3.3}{Preprocessing}{section.3}% 14
\BOOKMARK [2][-]{subsection.3.4}{Testing}{section.3}% 15
\BOOKMARK [3][-]{subsubsection.3.4.1}{Shi-Tomasi Corner Detector}{subsection.3.4}% 16
\BOOKMARK [3][-]{subsubsection.3.4.2}{Fast Hessian}{subsection.3.4}% 17
\BOOKMARK [3][-]{subsubsection.3.4.3}{Differences of Gaussian}{subsection.3.4}% 18
\BOOKMARK [3][-]{subsubsection.3.4.4}{Lucas Kanade optical flow}{subsection.3.4}% 19
\BOOKMARK [3][-]{subsubsection.3.4.5}{Preprocessing}{subsection.3.4}% 20
\BOOKMARK [1][-]{section.4}{Results}{}% 21
\BOOKMARK [2][-]{subsection.4.1}{Comparison by Average Lifespan and Quantity}{section.4}% 22
\BOOKMARK [3][-]{subsubsection.4.1.1}{Key Point Detection Algorithms}{subsection.4.1}% 23
\BOOKMARK [3][-]{subsubsection.4.1.2}{Parameters for the Lucas-Kanade Algorithm}{subsection.4.1}% 24
\BOOKMARK [3][-]{subsubsection.4.1.3}{Parameters for Preprocessing}{subsection.4.1}% 25
\BOOKMARK [1][-]{section.5}{Discussion}{}% 26
\BOOKMARK [1][-]{section*.10}{References}{}% 27
\BOOKMARK [1][-]{section*.11}{List of Figures}{}% 28
\BOOKMARK [1][-]{section*.12}{List of Tables}{}% 29
